<?xml version="1.0" encoding="UTF-8"?>
<!-- Generated by org.testng.reporters.JUnitXMLReporter -->
<testsuite ignored="0" hostname="gunjanpr" failures="1" tests="1" name="firefoxTest" time="20.788" errors="0" timestamp="2023-11-22T13:42:36 IST">
  <testcase classname="com.praticepackage.CrossBrowserTesting" name="verifytitle" time="15.817">
    <failure type="java.lang.AssertionError" message="expected [CoWin] but found [CoWIN]">
      <![CDATA[java.lang.AssertionError: expected [CoWin] but found [CoWIN]
at com.praticepackage.CrossBrowserTesting.verifytitle(CrossBrowserTesting.java:43)
at java.base/java.util.ArrayList.forEach(ArrayList.java:1511)
... Removed 33 stack frames]]>
    </failure>
  </testcase> <!-- verifytitle -->
</testsuite> <!-- firefoxTest -->
