<?xml version="1.0" encoding="UTF-8"?>
<!-- Generated by org.testng.reporters.JUnitXMLReporter -->
<testsuite ignored="2" hostname="gunjanpr" failures="0" tests="2" name="Test" time="0.054" errors="0" timestamp="2023-11-27T07:05:05 IST">
  <testcase classname="com.praticepackage.GroupDemo2" name="m4" time="0.017"/>
  <testcase classname="com.praticepackage.GroupDemo" name="m1" time="0.001"/>
  <testcase classname="com.praticepackage.GroupDemo" name="m2" time="0.0">
    <ignored/>
  </testcase> <!-- m2 -->
  <testcase classname="com.praticepackage.GroupDemo2" name="m3" time="0.0">
    <ignored/>
  </testcase> <!-- m3 -->
</testsuite> <!-- Test -->
