<?xml version="1.0" encoding="UTF-8"?>
<!-- Generated by org.testng.reporters.JUnitXMLReporter -->
<testsuite ignored="0" hostname="gunjanpr" failures="0" tests="8" name="test2" time="0.128" errors="0" timestamp="2023-11-21T18:31:07 IST">
  <testcase classname="com.praticepackage.GroupDemo2" name="m1" time="0.014"/>
  <testcase classname="com.praticepackage.GroupDemo2" name="m2" time="0.001"/>
  <testcase classname="com.praticepackage.demo" name="create1" time="0.002"/>
  <testcase classname="com.praticepackage.demo" name="create2" time="0.002"/>
  <testcase classname="com.praticepackage.Sample" name="Create1" time="0.004"/>
  <testcase classname="com.praticepackage.Sample" name="Create2" time="0.002"/>
  <testcase classname="com.praticepackage.GroupDemo" name="m1" time="0.008"/>
  <testcase classname="com.praticepackage.GroupDemo" name="m2" time="0.001"/>
</testsuite> <!-- test2 -->
